<?xml version="1.0" encoding="UTF-8"?>
<testng-results skipped="0" failed="0" ignored="0" total="0" passed="0">
  <reporter-output>
  </reporter-output>
  <suite name="RunCucumberTest" duration-ms="6" started-at="2021-06-25T12:54:19 CEST" finished-at="2021-06-25T12:54:19 CEST">
    <groups>
    </groups>
    <test name="Command line test" duration-ms="6" started-at="2021-06-25T12:54:19 CEST" finished-at="2021-06-25T12:54:19 CEST">
    </test> <!-- Command line test -->
  </suite> <!-- RunCucumberTest -->
</testng-results>
